
  .   ____          _            __ _ _
 /\\ / ___'_ __ _ _(_)_ __  __ _ \ \ \ \
( ( )\___ | '_ | '_| | '_ \/ _` | \ \ \ \
 \\/  ___)| |_)| | | | | || (_| |  ) ) ) )
  '  |____| .__|_| |_|_| |_\__, | / / / /
 =========|_|==============|___/=/_/_/_/

 :: Spring Boot ::                (v3.5.3)

2025-09-25T09:05:33.779-03:00  INFO 42574 --- [realconsult] [           main] c.p.realconsult.RealconsultApplication   : Starting RealconsultApplication v0.0.1-SNAPSHOT using Java 17.0.15 with PID 42574 (/Users/user/Desktop/pmg-es-2025-2-ti3-9577100-realconsult/Codigo/backend/target/realconsult-0.0.1-SNAPSHOT.jar started by user in /Users/user/Desktop/pmg-es-2025-2-ti3-9577100-realconsult/Codigo/backend)
2025-09-25T09:05:33.785-03:00  INFO 42574 --- [realconsult] [           main] c.p.realconsult.RealconsultApplication   : No active profile set, falling back to 1 default profile: "default"
2025-09-25T09:05:39.425-03:00  INFO 42574 --- [realconsult] [           main] .s.d.r.c.RepositoryConfigurationDelegate : Bootstrapping Spring Data JPA repositories in DEFAULT mode.
2025-09-25T09:05:39.994-03:00  INFO 42574 --- [realconsult] [           main] .s.d.r.c.RepositoryConfigurationDelegate : Finished Spring Data repository scanning in 386 ms. Found 3 JPA repository interfaces.
2025-09-25T09:05:42.694-03:00  INFO 42574 --- [realconsult] [           main] o.s.b.w.embedded.tomcat.TomcatWebServer  : Tomcat initialized with port 8080 (http)
2025-09-25T09:05:42.784-03:00  INFO 42574 --- [realconsult] [           main] o.apache.catalina.core.StandardService   : Starting service [Tomcat]
2025-09-25T09:05:42.785-03:00  INFO 42574 --- [realconsult] [           main] o.apache.catalina.core.StandardEngine    : Starting Servlet engine: [Apache Tomcat/10.1.42]
2025-09-25T09:05:43.011-03:00  INFO 42574 --- [realconsult] [           main] o.a.c.c.C.[Tomcat].[localhost].[/]       : Initializing Spring embedded WebApplicationContext
2025-09-25T09:05:43.014-03:00  INFO 42574 --- [realconsult] [           main] w.s.c.ServletWebServerApplicationContext : Root WebApplicationContext: initialization completed in 9051 ms
2025-09-25T09:05:43.531-03:00  INFO 42574 --- [realconsult] [           main] o.hibernate.jpa.internal.util.LogHelper  : HHH000204: Processing PersistenceUnitInfo [name: default]
2025-09-25T09:05:44.090-03:00  INFO 42574 --- [realconsult] [           main] org.hibernate.Version                    : HHH000412: Hibernate ORM core version 6.6.18.Final
2025-09-25T09:05:44.175-03:00  INFO 42574 --- [realconsult] [           main] o.h.c.internal.RegionFactoryInitiator    : HHH000026: Second-level cache disabled
2025-09-25T09:05:44.890-03:00  INFO 42574 --- [realconsult] [           main] o.s.o.j.p.SpringPersistenceUnitInfo      : No LoadTimeWeaver setup: ignoring JPA class transformer
2025-09-25T09:05:44.993-03:00  INFO 42574 --- [realconsult] [           main] com.zaxxer.hikari.HikariDataSource       : HikariPool-1 - Starting...
2025-09-25T09:05:46.068-03:00  INFO 42574 --- [realconsult] [           main] com.zaxxer.hikari.pool.HikariPool        : HikariPool-1 - Added connection conn0: url=jdbc:h2:mem:testdb user=SA
2025-09-25T09:05:46.077-03:00  INFO 42574 --- [realconsult] [           main] com.zaxxer.hikari.HikariDataSource       : HikariPool-1 - Start completed.
2025-09-25T09:05:46.242-03:00  WARN 42574 --- [realconsult] [           main] org.hibernate.orm.deprecation            : HHH90000025: H2Dialect does not need to be specified explicitly using 'hibernate.dialect' (remove the property setting and it will be selected by default)
2025-09-25T09:05:46.402-03:00  INFO 42574 --- [realconsult] [           main] org.hibernate.orm.connections.pooling    : HHH10001005: Database info:
	Database JDBC URL [Connecting through datasource 'HikariDataSource (HikariPool-1)']
	Database driver: undefined/unknown
	Database version: 2.3.232
	Autocommit mode: undefined/unknown
	Isolation level: undefined/unknown
	Minimum pool size: undefined/unknown
	Maximum pool size: undefined/unknown
2025-09-25T09:05:51.691-03:00  INFO 42574 --- [realconsult] [           main] o.h.e.t.j.p.i.JtaPlatformInitiator       : HHH000489: No JTA platform available (set 'hibernate.transaction.jta.platform' to enable JTA platform integration)
Hibernate: 
    drop table if exists despesas cascade 
Hibernate: 
    drop table if exists reset_senha_token cascade 
Hibernate: 
    drop table if exists usuarios cascade 
Hibernate: 
    create table despesas (
        data date not null,
        valor numeric(10,2) not null,
        id bigint generated by default as identity,
        categoria varchar(50) not null,
        cliente_contrato varchar(100) not null,
        titulo varchar(100) not null,
        descricao varchar(500),
        status enum ('ATIVA','INATIVA','PAGA','PENDENTE') not null,
        primary key (id)
    )
Hibernate: 
    create table reset_senha_token (
        expiry_date timestamp(6),
        id bigint generated by default as identity,
        usuario_id bigint,
        token varchar(255),
        primary key (id)
    )
Hibernate: 
    create table usuarios (
        id bigint generated by default as identity,
        avatar_color varchar(255),
        cargo varchar(255) not null,
        email varchar(255) not null unique,
        nome varchar(255) not null,
        senha varchar(255),
        status enum ('ATIVO','INATIVO') not null,
        primary key (id)
    )
Hibernate: 
    alter table if exists reset_senha_token 
       add constraint FKchjmgouxjqg77g1lf9gfbmd3t 
       foreign key (usuario_id) 
       references usuarios
2025-09-25T09:05:51.939-03:00  INFO 42574 --- [realconsult] [           main] j.LocalContainerEntityManagerFactoryBean : Initialized JPA EntityManagerFactory for persistence unit 'default'
2025-09-25T09:05:53.503-03:00  INFO 42574 --- [realconsult] [           main] o.s.d.j.r.query.QueryEnhancerFactory     : Hibernate is in classpath; If applicable, HQL parser will be used.
2025-09-25T09:06:00.565-03:00  INFO 42574 --- [realconsult] [           main] r$InitializeUserDetailsManagerConfigurer : Global AuthenticationManager configured with UserDetailsService bean with name autenticarService
2025-09-25T09:06:00.640-03:00  WARN 42574 --- [realconsult] [           main] JpaBaseConfiguration$JpaWebConfiguration : spring.jpa.open-in-view is enabled by default. Therefore, database queries may be performed during view rendering. Explicitly configure spring.jpa.open-in-view to disable this warning
2025-09-25T09:06:02.706-03:00  INFO 42574 --- [realconsult] [           main] o.s.b.a.h2.H2ConsoleAutoConfiguration    : H2 console available at '/h2-console'. Database available at 'jdbc:h2:mem:testdb'
2025-09-25T09:06:03.596-03:00  INFO 42574 --- [realconsult] [           main] o.s.b.w.embedded.tomcat.TomcatWebServer  : Tomcat started on port 8080 (http) with context path '/'
2025-09-25T09:06:03.802-03:00  INFO 42574 --- [realconsult] [           main] c.p.realconsult.RealconsultApplication   : Started RealconsultApplication in 31.961 seconds (process running for 35.637)
Hibernate: 
    select
        count(*) 
    from
        usuarios gum1_0
2025-09-25T09:06:05.572-03:00  INFO 42574 --- [realconsult] [nio-8080-exec-1] o.a.c.c.C.[Tomcat].[localhost].[/]       : Initializing Spring DispatcherServlet 'dispatcherServlet'
2025-09-25T09:06:05.572-03:00  INFO 42574 --- [realconsult] [nio-8080-exec-1] o.s.web.servlet.DispatcherServlet        : Initializing Servlet 'dispatcherServlet'
2025-09-25T09:06:05.578-03:00  INFO 42574 --- [realconsult] [nio-8080-exec-1] o.s.web.servlet.DispatcherServlet        : Completed initialization in 4 ms
Hibernate: 
    select
        gum1_0.id,
        gum1_0.avatar_color,
        gum1_0.cargo,
        gum1_0.email,
        gum1_0.nome,
        gum1_0.senha,
        gum1_0.status 
    from
        usuarios gum1_0
Hibernate: 
    insert 
    into
        usuarios
        (avatar_color, cargo, email, nome, senha, status, id) 
    values
        (?, ?, ?, ?, ?, ?, default)
Hibernate: 
    insert 
    into
        usuarios
        (avatar_color, cargo, email, nome, senha, status, id) 
    values
        (?, ?, ?, ?, ?, ?, default)
Hibernate: 
    insert 
    into
        usuarios
        (avatar_color, cargo, email, nome, senha, status, id) 
    values
        (?, ?, ?, ?, ?, ?, default)
Hibernate: 
    select
        gum1_0.id 
    from
        usuarios gum1_0 
    where
        gum1_0.email=? 
    fetch
        first ? rows only
Hibernate: 
    insert 
    into
        usuarios
        (avatar_color, cargo, email, nome, senha, status, id) 
    values
        (?, ?, ?, ?, ?, ?, default)
Hibernate: 
    select
        gum1_0.id,
        gum1_0.avatar_color,
        gum1_0.cargo,
        gum1_0.email,
        gum1_0.nome,
        gum1_0.senha,
        gum1_0.status 
    from
        usuarios gum1_0 
    where
        gum1_0.id=?
Hibernate: 
    select
        gum1_0.id 
    from
        usuarios gum1_0 
    where
        gum1_0.email=? 
        and gum1_0.id<>? 
    fetch
        first ? rows only
Hibernate: 
    update
        usuarios 
    set
        avatar_color=?,
        cargo=?,
        email=?,
        nome=?,
        senha=?,
        status=? 
    where
        id=?
Hibernate: 
    select
        gum1_0.id,
        gum1_0.avatar_color,
        gum1_0.cargo,
        gum1_0.email,
        gum1_0.nome,
        gum1_0.senha,
        gum1_0.status 
    from
        usuarios gum1_0
Hibernate: 
    select
        gum1_0.id,
        gum1_0.avatar_color,
        gum1_0.cargo,
        gum1_0.email,
        gum1_0.nome,
        gum1_0.senha,
        gum1_0.status 
    from
        usuarios gum1_0
Hibernate: 
    select
        gum1_0.id,
        gum1_0.avatar_color,
        gum1_0.cargo,
        gum1_0.email,
        gum1_0.nome,
        gum1_0.senha,
        gum1_0.status 
    from
        usuarios gum1_0 
    where
        gum1_0.id=?
Hibernate: 
    select
        gum1_0.id 
    from
        usuarios gum1_0 
    where
        gum1_0.email=? 
        and gum1_0.id<>? 
    fetch
        first ? rows only
Hibernate: 
    update
        usuarios 
    set
        avatar_color=?,
        cargo=?,
        email=?,
        nome=?,
        senha=?,
        status=? 
    where
        id=?
Hibernate: 
    select
        gum1_0.id,
        gum1_0.avatar_color,
        gum1_0.cargo,
        gum1_0.email,
        gum1_0.nome,
        gum1_0.senha,
        gum1_0.status 
    from
        usuarios gum1_0
Hibernate: 
    select
        gum1_0.id 
    from
        usuarios gum1_0 
    where
        gum1_0.email=? 
    fetch
        first ? rows only
Hibernate: 
    insert 
    into
        usuarios
        (avatar_color, cargo, email, nome, senha, status, id) 
    values
        (?, ?, ?, ?, ?, ?, default)
Hibernate: 
    select
        gum1_0.id,
        gum1_0.avatar_color,
        gum1_0.cargo,
        gum1_0.email,
        gum1_0.nome,
        gum1_0.senha,
        gum1_0.status 
    from
        usuarios gum1_0
Hibernate: 
    select
        gum1_0.id 
    from
        usuarios gum1_0 
    where
        gum1_0.email=? 
    fetch
        first ? rows only
Hibernate: 
    insert 
    into
        usuarios
        (avatar_color, cargo, email, nome, senha, status, id) 
    values
        (?, ?, ?, ?, ?, ?, default)
Hibernate: 
    select
        gum1_0.id,
        gum1_0.avatar_color,
        gum1_0.cargo,
        gum1_0.email,
        gum1_0.nome,
        gum1_0.senha,
        gum1_0.status 
    from
        usuarios gum1_0 
    where
        gum1_0.id=?
Hibernate: 
    select
        gum1_0.id 
    from
        usuarios gum1_0 
    where
        gum1_0.email=? 
        and gum1_0.id<>? 
    fetch
        first ? rows only
Hibernate: 
    update
        usuarios 
    set
        avatar_color=?,
        cargo=?,
        email=?,
        nome=?,
        senha=?,
        status=? 
    where
        id=?
Hibernate: 
    select
        gum1_0.id,
        gum1_0.avatar_color,
        gum1_0.cargo,
        gum1_0.email,
        gum1_0.nome,
        gum1_0.senha,
        gum1_0.status 
    from
        usuarios gum1_0
Hibernate: 
    select
        gum1_0.id,
        gum1_0.avatar_color,
        gum1_0.cargo,
        gum1_0.email,
        gum1_0.nome,
        gum1_0.senha,
        gum1_0.status 
    from
        usuarios gum1_0 
    where
        gum1_0.id=?
Hibernate: 
    select
        gum1_0.id 
    from
        usuarios gum1_0 
    where
        gum1_0.email=? 
        and gum1_0.id<>? 
    fetch
        first ? rows only
Hibernate: 
    update
        usuarios 
    set
        avatar_color=?,
        cargo=?,
        email=?,
        nome=?,
        senha=?,
        status=? 
    where
        id=?
Hibernate: 
    select
        gum1_0.id,
        gum1_0.avatar_color,
        gum1_0.cargo,
        gum1_0.email,
        gum1_0.nome,
        gum1_0.senha,
        gum1_0.status 
    from
        usuarios gum1_0
Hibernate: 
    select
        count(*) 
    from
        usuarios gum1_0 
    where
        gum1_0.id=?
Hibernate: 
    select
        gum1_0.id,
        gum1_0.avatar_color,
        gum1_0.cargo,
        gum1_0.email,
        gum1_0.nome,
        gum1_0.senha,
        gum1_0.status 
    from
        usuarios gum1_0 
    where
        gum1_0.id=?
Hibernate: 
    delete 
    from
        usuarios 
    where
        id=?
Hibernate: 
    select
        gum1_0.id,
        gum1_0.avatar_color,
        gum1_0.cargo,
        gum1_0.email,
        gum1_0.nome,
        gum1_0.senha,
        gum1_0.status 
    from
        usuarios gum1_0
Hibernate: 
    select
        count(*) 
    from
        usuarios gum1_0 
    where
        gum1_0.id=?
Hibernate: 
    select
        gum1_0.id,
        gum1_0.avatar_color,
        gum1_0.cargo,
        gum1_0.email,
        gum1_0.nome,
        gum1_0.senha,
        gum1_0.status 
    from
        usuarios gum1_0 
    where
        gum1_0.id=?
Hibernate: 
    delete 
    from
        usuarios 
    where
        id=?
Hibernate: 
    select
        gum1_0.id,
        gum1_0.avatar_color,
        gum1_0.cargo,
        gum1_0.email,
        gum1_0.nome,
        gum1_0.senha,
        gum1_0.status 
    from
        usuarios gum1_0
Hibernate: 
    select
        gum1_0.id 
    from
        usuarios gum1_0 
    where
        gum1_0.email=? 
    fetch
        first ? rows only
Hibernate: 
    insert 
    into
        usuarios
        (avatar_color, cargo, email, nome, senha, status, id) 
    values
        (?, ?, ?, ?, ?, ?, default)
Hibernate: 
    select
        gum1_0.id,
        gum1_0.avatar_color,
        gum1_0.cargo,
        gum1_0.email,
        gum1_0.nome,
        gum1_0.senha,
        gum1_0.status 
    from
        usuarios gum1_0
Hibernate: 
    select
        count(*) 
    from
        usuarios gum1_0 
    where
        gum1_0.id=?
Hibernate: 
    select
        gum1_0.id,
        gum1_0.avatar_color,
        gum1_0.cargo,
        gum1_0.email,
        gum1_0.nome,
        gum1_0.senha,
        gum1_0.status 
    from
        usuarios gum1_0 
    where
        gum1_0.id=?
Hibernate: 
    delete 
    from
        usuarios 
    where
        id=?
Hibernate: 
    select
        gum1_0.id,
        gum1_0.avatar_color,
        gum1_0.cargo,
        gum1_0.email,
        gum1_0.nome,
        gum1_0.senha,
        gum1_0.status 
    from
        usuarios gum1_0
Hibernate: 
    select
        gum1_0.id,
        gum1_0.avatar_color,
        gum1_0.cargo,
        gum1_0.email,
        gum1_0.nome,
        gum1_0.senha,
        gum1_0.status 
    from
        usuarios gum1_0 
    where
        lower(gum1_0.nome) like lower(('%'||?||'%')) escape '' 
        or lower(gum1_0.email) like lower(('%'||?||'%')) escape '' 
        or lower(gum1_0.cargo) like lower(('%'||?||'%')) escape ''
2025-09-25T09:57:16.556-03:00  WARN 42574 --- [realconsult] [l-1:housekeeper] com.zaxxer.hikari.pool.HikariPool        : HikariPool-1 - Retrograde clock change detected (housekeeper delta=29s832ms), soft-evicting connections from pool.
Hibernate: 
    select
        gum1_0.id,
        gum1_0.avatar_color,
        gum1_0.cargo,
        gum1_0.email,
        gum1_0.nome,
        gum1_0.senha,
        gum1_0.status 
    from
        usuarios gum1_0
Hibernate: 
    select
        gum1_0.id,
        gum1_0.avatar_color,
        gum1_0.cargo,
        gum1_0.email,
        gum1_0.nome,
        gum1_0.senha,
        gum1_0.status 
    from
        usuarios gum1_0
Hibernate: 
    select
        gum1_0.id,
        gum1_0.avatar_color,
        gum1_0.cargo,
        gum1_0.email,
        gum1_0.nome,
        gum1_0.senha,
        gum1_0.status 
    from
        usuarios gum1_0 
    where
        gum1_0.id=?
Hibernate: 
    select
        gum1_0.id 
    from
        usuarios gum1_0 
    where
        gum1_0.email=? 
        and gum1_0.id<>? 
    fetch
        first ? rows only
Hibernate: 
    update
        usuarios 
    set
        avatar_color=?,
        cargo=?,
        email=?,
        nome=?,
        senha=?,
        status=? 
    where
        id=?
Hibernate: 
    select
        gum1_0.id,
        gum1_0.avatar_color,
        gum1_0.cargo,
        gum1_0.email,
        gum1_0.nome,
        gum1_0.senha,
        gum1_0.status 
    from
        usuarios gum1_0
Hibernate: 
    select
        gum1_0.id 
    from
        usuarios gum1_0 
    where
        gum1_0.email=? 
    fetch
        first ? rows only
Hibernate: 
    insert 
    into
        usuarios
        (avatar_color, cargo, email, nome, senha, status, id) 
    values
        (?, ?, ?, ?, ?, ?, default)
Hibernate: 
    select
        gum1_0.id,
        gum1_0.avatar_color,
        gum1_0.cargo,
        gum1_0.email,
        gum1_0.nome,
        gum1_0.senha,
        gum1_0.status 
    from
        usuarios gum1_0
Hibernate: 
    select
        count(*) 
    from
        usuarios gum1_0 
    where
        gum1_0.id=?
Hibernate: 
    select
        gum1_0.id,
        gum1_0.avatar_color,
        gum1_0.cargo,
        gum1_0.email,
        gum1_0.nome,
        gum1_0.senha,
        gum1_0.status 
    from
        usuarios gum1_0 
    where
        gum1_0.id=?
Hibernate: 
    delete 
    from
        usuarios 
    where
        id=?
Hibernate: 
    select
        gum1_0.id,
        gum1_0.avatar_color,
        gum1_0.cargo,
        gum1_0.email,
        gum1_0.nome,
        gum1_0.senha,
        gum1_0.status 
    from
        usuarios gum1_0
