[INFO] Scanning for projects...
[INFO] 
[INFO] ------------------------< com.puc:realconsult >-------------------------
[INFO] Building realconsult 0.0.1-SNAPSHOT
[INFO]   from pom.xml
[INFO] --------------------------------[ jar ]---------------------------------
[INFO] 
[INFO] >>> spring-boot:3.5.3:run (default-cli) > test-compile @ realconsult >>>
[INFO] 
[INFO] --- resources:3.3.1:resources (default-resources) @ realconsult ---
[INFO] Copying 1 resource from src/main/resources to target/classes
[INFO] Copying 0 resource from src/main/resources to target/classes
[INFO] 
[INFO] --- compiler:3.14.0:compile (default-compile) @ realconsult ---
[INFO] Nothing to compile - all classes are up to date.
[INFO] 
[INFO] --- resources:3.3.1:testResources (default-testResources) @ realconsult ---
[INFO] skip non existing resourceDirectory /Users/user/Documents/pmg-es-2025-2-ti3-9577100-realconsult/Codigo/backend/src/test/resources
[INFO] 
[INFO] --- compiler:3.14.0:testCompile (default-testCompile) @ realconsult ---
[INFO] Nothing to compile - all classes are up to date.
[INFO] 
[INFO] <<< spring-boot:3.5.3:run (default-cli) < test-compile @ realconsult <<<
[INFO] 
[INFO] 
[INFO] --- spring-boot:3.5.3:run (default-cli) @ realconsult ---
[INFO] Attaching agents: []

  .   ____          _            __ _ _
 /\\ / ___'_ __ _ _(_)_ __  __ _ \ \ \ \
( ( )\___ | '_ | '_| | '_ \/ _` | \ \ \ \
 \\/  ___)| |_)| | | | | || (_| |  ) ) ) )
  '  |____| .__|_| |_|_| |_\__, | / / / /
 =========|_|==============|___/=/_/_/_/

 :: Spring Boot ::                (v3.5.3)

2025-09-12T08:22:27.682-03:00  INFO 15250 --- [realconsult] [  restartedMain] c.p.realconsult.RealconsultApplication   : Starting RealconsultApplication using Java 17.0.15 with PID 15250 (/Users/user/Documents/pmg-es-2025-2-ti3-9577100-realconsult/Codigo/backend/target/classes started by user in /Users/user/Documents/pmg-es-2025-2-ti3-9577100-realconsult/Codigo/backend)
2025-09-12T08:22:27.686-03:00  INFO 15250 --- [realconsult] [  restartedMain] c.p.realconsult.RealconsultApplication   : No active profile set, falling back to 1 default profile: "default"
2025-09-12T08:22:27.783-03:00  INFO 15250 --- [realconsult] [  restartedMain] .e.DevToolsPropertyDefaultsPostProcessor : Devtools property defaults active! Set 'spring.devtools.add-properties' to 'false' to disable
2025-09-12T08:22:27.783-03:00  INFO 15250 --- [realconsult] [  restartedMain] .e.DevToolsPropertyDefaultsPostProcessor : For additional web related logging consider setting the 'logging.level.web' property to 'DEBUG'
2025-09-12T08:22:30.156-03:00  INFO 15250 --- [realconsult] [  restartedMain] .s.d.r.c.RepositoryConfigurationDelegate : Bootstrapping Spring Data JPA repositories in DEFAULT mode.
2025-09-12T08:22:30.274-03:00  INFO 15250 --- [realconsult] [  restartedMain] .s.d.r.c.RepositoryConfigurationDelegate : Finished Spring Data repository scanning in 97 ms. Found 1 JPA repository interface.
2025-09-12T08:22:31.784-03:00  INFO 15250 --- [realconsult] [  restartedMain] o.s.b.w.embedded.tomcat.TomcatWebServer  : Tomcat initialized with port 8080 (http)
2025-09-12T08:22:31.814-03:00  INFO 15250 --- [realconsult] [  restartedMain] o.apache.catalina.core.StandardService   : Starting service [Tomcat]
2025-09-12T08:22:31.815-03:00  INFO 15250 --- [realconsult] [  restartedMain] o.apache.catalina.core.StandardEngine    : Starting Servlet engine: [Apache Tomcat/10.1.42]
2025-09-12T08:22:31.874-03:00  INFO 15250 --- [realconsult] [  restartedMain] o.a.c.c.C.[Tomcat].[localhost].[/]       : Initializing Spring embedded WebApplicationContext
2025-09-12T08:22:31.876-03:00  INFO 15250 --- [realconsult] [  restartedMain] w.s.c.ServletWebServerApplicationContext : Root WebApplicationContext: initialization completed in 4091 ms
2025-09-12T08:22:32.158-03:00  INFO 15250 --- [realconsult] [  restartedMain] o.hibernate.jpa.internal.util.LogHelper  : HHH000204: Processing PersistenceUnitInfo [name: default]
2025-09-12T08:22:32.299-03:00  INFO 15250 --- [realconsult] [  restartedMain] org.hibernate.Version                    : HHH000412: Hibernate ORM core version 6.6.18.Final
2025-09-12T08:22:32.453-03:00  INFO 15250 --- [realconsult] [  restartedMain] o.h.c.internal.RegionFactoryInitiator    : HHH000026: Second-level cache disabled
2025-09-12T08:22:33.803-03:00  INFO 15250 --- [realconsult] [  restartedMain] o.s.o.j.p.SpringPersistenceUnitInfo      : No LoadTimeWeaver setup: ignoring JPA class transformer
2025-09-12T08:22:33.992-03:00  INFO 15250 --- [realconsult] [  restartedMain] com.zaxxer.hikari.HikariDataSource       : HikariPool-1 - Starting...
2025-09-12T08:22:34.658-03:00  INFO 15250 --- [realconsult] [  restartedMain] com.zaxxer.hikari.pool.HikariPool        : HikariPool-1 - Added connection conn0: url=jdbc:h2:mem:testdb user=SA
2025-09-12T08:22:34.666-03:00  INFO 15250 --- [realconsult] [  restartedMain] com.zaxxer.hikari.HikariDataSource       : HikariPool-1 - Start completed.
2025-09-12T08:22:34.749-03:00  WARN 15250 --- [realconsult] [  restartedMain] org.hibernate.orm.deprecation            : HHH90000025: H2Dialect does not need to be specified explicitly using 'hibernate.dialect' (remove the property setting and it will be selected by default)
2025-09-12T08:22:34.821-03:00  INFO 15250 --- [realconsult] [  restartedMain] org.hibernate.orm.connections.pooling    : HHH10001005: Database info:
	Database JDBC URL [Connecting through datasource 'HikariDataSource (HikariPool-1)']
	Database driver: undefined/unknown
	Database version: 2.3.232
	Autocommit mode: undefined/unknown
	Isolation level: undefined/unknown
	Minimum pool size: undefined/unknown
	Maximum pool size: undefined/unknown
2025-09-12T08:22:37.396-03:00  INFO 15250 --- [realconsult] [  restartedMain] o.h.e.t.j.p.i.JtaPlatformInitiator       : HHH000489: No JTA platform available (set 'hibernate.transaction.jta.platform' to enable JTA platform integration)
Hibernate: 
    drop table if exists usuarios cascade 
Hibernate: 
    create table usuarios (
        id bigint generated by default as identity,
        avatar_color varchar(255),
        cargo varchar(255) not null,
        email varchar(255) not null unique,
        nome varchar(255) not null,
        status enum ('ATIVO','INATIVO') not null,
        primary key (id)
    )
2025-09-12T08:22:37.509-03:00  INFO 15250 --- [realconsult] [  restartedMain] j.LocalContainerEntityManagerFactoryBean : Initialized JPA EntityManagerFactory for persistence unit 'default'
2025-09-12T08:22:38.291-03:00  INFO 15250 --- [realconsult] [  restartedMain] o.s.d.j.r.query.QueryEnhancerFactory     : Hibernate is in classpath; If applicable, HQL parser will be used.
2025-09-12T08:22:40.507-03:00  WARN 15250 --- [realconsult] [  restartedMain] JpaBaseConfiguration$JpaWebConfiguration : spring.jpa.open-in-view is enabled by default. Therefore, database queries may be performed during view rendering. Explicitly configure spring.jpa.open-in-view to disable this warning
2025-09-12T08:22:40.623-03:00  WARN 15250 --- [realconsult] [  restartedMain] .s.s.UserDetailsServiceAutoConfiguration : 

Using generated security password: 1db54cdc-fe5e-4c84-b929-42f014c1e464

This generated password is for development use only. Your security configuration must be updated before running your application in production.

2025-09-12T08:22:40.650-03:00  INFO 15250 --- [realconsult] [  restartedMain] r$InitializeUserDetailsManagerConfigurer : Global AuthenticationManager configured with UserDetailsService bean with name inMemoryUserDetailsManager
2025-09-12T08:22:41.946-03:00  INFO 15250 --- [realconsult] [  restartedMain] o.s.b.a.h2.H2ConsoleAutoConfiguration    : H2 console available at '/h2-console'. Database available at 'jdbc:h2:mem:testdb'
2025-09-12T08:22:42.292-03:00  INFO 15250 --- [realconsult] [  restartedMain] o.s.b.d.a.OptionalLiveReloadServer       : LiveReload server is running on port 35729
2025-09-12T08:22:42.381-03:00  INFO 15250 --- [realconsult] [  restartedMain] o.s.b.w.embedded.tomcat.TomcatWebServer  : Tomcat started on port 8080 (http) with context path '/'
2025-09-12T08:22:42.409-03:00  INFO 15250 --- [realconsult] [  restartedMain] c.p.realconsult.RealconsultApplication   : Started RealconsultApplication in 15.871 seconds (process running for 17.934)
Hibernate: 
    select
        count(*) 
    from
        usuarios gum1_0
Hibernate: 
    insert 
    into
        usuarios
        (avatar_color, cargo, email, nome, status, id) 
    values
        (?, ?, ?, ?, ?, default)
Hibernate: 
    insert 
    into
        usuarios
        (avatar_color, cargo, email, nome, status, id) 
    values
        (?, ?, ?, ?, ?, default)
2025-09-12T08:22:47.980-03:00  INFO 15250 --- [realconsult] [nio-8080-exec-1] o.a.c.c.C.[Tomcat].[localhost].[/]       : Initializing Spring DispatcherServlet 'dispatcherServlet'
2025-09-12T08:22:47.982-03:00  INFO 15250 --- [realconsult] [nio-8080-exec-1] o.s.web.servlet.DispatcherServlet        : Initializing Servlet 'dispatcherServlet'
2025-09-12T08:22:47.988-03:00  INFO 15250 --- [realconsult] [nio-8080-exec-1] o.s.web.servlet.DispatcherServlet        : Completed initialization in 5 ms
Hibernate: 
    select
        gum1_0.id,
        gum1_0.avatar_color,
        gum1_0.cargo,
        gum1_0.email,
        gum1_0.nome,
        gum1_0.status 
    from
        usuarios gum1_0
Hibernate: 
    select
        gum1_0.id,
        gum1_0.avatar_color,
        gum1_0.cargo,
        gum1_0.email,
        gum1_0.nome,
        gum1_0.status 
    from
        usuarios gum1_0
Hibernate: 
    select
        gum1_0.id,
        gum1_0.avatar_color,
        gum1_0.cargo,
        gum1_0.email,
        gum1_0.nome,
        gum1_0.status 
    from
        usuarios gum1_0 
    where
        lower(gum1_0.nome) like lower(('%'||?||'%')) escape '' 
        or lower(gum1_0.email) like lower(('%'||?||'%')) escape '' 
        or lower(gum1_0.cargo) like lower(('%'||?||'%')) escape ''
Hibernate: 
    select
        gum1_0.id,
        gum1_0.avatar_color,
        gum1_0.cargo,
        gum1_0.email,
        gum1_0.nome,
        gum1_0.status 
    from
        usuarios gum1_0 
    where
        lower(gum1_0.nome) like lower(('%'||?||'%')) escape '' 
        or lower(gum1_0.email) like lower(('%'||?||'%')) escape '' 
        or lower(gum1_0.cargo) like lower(('%'||?||'%')) escape ''
Hibernate: 
    select
        gum1_0.id,
        gum1_0.avatar_color,
        gum1_0.cargo,
        gum1_0.email,
        gum1_0.nome,
        gum1_0.status 
    from
        usuarios gum1_0 
    where
        lower(gum1_0.nome) like lower(('%'||?||'%')) escape '' 
        or lower(gum1_0.email) like lower(('%'||?||'%')) escape '' 
        or lower(gum1_0.cargo) like lower(('%'||?||'%')) escape ''
Hibernate: 
    select
        gum1_0.id,
        gum1_0.avatar_color,
        gum1_0.cargo,
        gum1_0.email,
        gum1_0.nome,
        gum1_0.status 
    from
        usuarios gum1_0 
    where
        lower(gum1_0.nome) like lower(('%'||?||'%')) escape '' 
        or lower(gum1_0.email) like lower(('%'||?||'%')) escape '' 
        or lower(gum1_0.cargo) like lower(('%'||?||'%')) escape ''
Hibernate: 
    select
        gum1_0.id,
        gum1_0.avatar_color,
        gum1_0.cargo,
        gum1_0.email,
        gum1_0.nome,
        gum1_0.status 
    from
        usuarios gum1_0 
    where
        lower(gum1_0.nome) like lower(('%'||?||'%')) escape '' 
        or lower(gum1_0.email) like lower(('%'||?||'%')) escape '' 
        or lower(gum1_0.cargo) like lower(('%'||?||'%')) escape ''
Hibernate: 
    select
        gum1_0.id,
        gum1_0.avatar_color,
        gum1_0.cargo,
        gum1_0.email,
        gum1_0.nome,
        gum1_0.status 
    from
        usuarios gum1_0 
    where
        lower(gum1_0.nome) like lower(('%'||?||'%')) escape '' 
        or lower(gum1_0.email) like lower(('%'||?||'%')) escape '' 
        or lower(gum1_0.cargo) like lower(('%'||?||'%')) escape ''
Hibernate: 
    select
        gum1_0.id,
        gum1_0.avatar_color,
        gum1_0.cargo,
        gum1_0.email,
        gum1_0.nome,
        gum1_0.status 
    from
        usuarios gum1_0 
    where
        lower(gum1_0.nome) like lower(('%'||?||'%')) escape '' 
        or lower(gum1_0.email) like lower(('%'||?||'%')) escape '' 
        or lower(gum1_0.cargo) like lower(('%'||?||'%')) escape ''
Hibernate: 
    select
        gum1_0.id,
        gum1_0.avatar_color,
        gum1_0.cargo,
        gum1_0.email,
        gum1_0.nome,
        gum1_0.status 
    from
        usuarios gum1_0 
    where
        lower(gum1_0.nome) like lower(('%'||?||'%')) escape '' 
        or lower(gum1_0.email) like lower(('%'||?||'%')) escape '' 
        or lower(gum1_0.cargo) like lower(('%'||?||'%')) escape ''
Hibernate: 
    select
        gum1_0.id,
        gum1_0.avatar_color,
        gum1_0.cargo,
        gum1_0.email,
        gum1_0.nome,
        gum1_0.status 
    from
        usuarios gum1_0 
    where
        lower(gum1_0.nome) like lower(('%'||?||'%')) escape '' 
        or lower(gum1_0.email) like lower(('%'||?||'%')) escape '' 
        or lower(gum1_0.cargo) like lower(('%'||?||'%')) escape ''
Hibernate: 
    select
        gum1_0.id,
        gum1_0.avatar_color,
        gum1_0.cargo,
        gum1_0.email,
        gum1_0.nome,
        gum1_0.status 
    from
        usuarios gum1_0 
    where
        lower(gum1_0.nome) like lower(('%'||?||'%')) escape '' 
        or lower(gum1_0.email) like lower(('%'||?||'%')) escape '' 
        or lower(gum1_0.cargo) like lower(('%'||?||'%')) escape ''
Hibernate: 
    select
        gum1_0.id,
        gum1_0.avatar_color,
        gum1_0.cargo,
        gum1_0.email,
        gum1_0.nome,
        gum1_0.status 
    from
        usuarios gum1_0 
    where
        lower(gum1_0.nome) like lower(('%'||?||'%')) escape '' 
        or lower(gum1_0.email) like lower(('%'||?||'%')) escape '' 
        or lower(gum1_0.cargo) like lower(('%'||?||'%')) escape ''
Hibernate: 
    select
        gum1_0.id,
        gum1_0.avatar_color,
        gum1_0.cargo,
        gum1_0.email,
        gum1_0.nome,
        gum1_0.status 
    from
        usuarios gum1_0 
    where
        lower(gum1_0.nome) like lower(('%'||?||'%')) escape '' 
        or lower(gum1_0.email) like lower(('%'||?||'%')) escape '' 
        or lower(gum1_0.cargo) like lower(('%'||?||'%')) escape ''
Hibernate: 
    select
        gum1_0.id,
        gum1_0.avatar_color,
        gum1_0.cargo,
        gum1_0.email,
        gum1_0.nome,
        gum1_0.status 
    from
        usuarios gum1_0 
    where
        lower(gum1_0.nome) like lower(('%'||?||'%')) escape '' 
        or lower(gum1_0.email) like lower(('%'||?||'%')) escape '' 
        or lower(gum1_0.cargo) like lower(('%'||?||'%')) escape ''
Hibernate: 
    select
        gum1_0.id,
        gum1_0.avatar_color,
        gum1_0.cargo,
        gum1_0.email,
        gum1_0.nome,
        gum1_0.status 
    from
        usuarios gum1_0 
    where
        lower(gum1_0.nome) like lower(('%'||?||'%')) escape '' 
        or lower(gum1_0.email) like lower(('%'||?||'%')) escape '' 
        or lower(gum1_0.cargo) like lower(('%'||?||'%')) escape ''
Hibernate: 
    select
        gum1_0.id,
        gum1_0.avatar_color,
        gum1_0.cargo,
        gum1_0.email,
        gum1_0.nome,
        gum1_0.status 
    from
        usuarios gum1_0
Hibernate: 
    select
        gum1_0.id,
        gum1_0.avatar_color,
        gum1_0.cargo,
        gum1_0.email,
        gum1_0.nome,
        gum1_0.status 
    from
        usuarios gum1_0
Hibernate: 
    select
        gum1_0.id,
        gum1_0.avatar_color,
        gum1_0.cargo,
        gum1_0.email,
        gum1_0.nome,
        gum1_0.status 
    from
        usuarios gum1_0
Hibernate: 
    select
        gum1_0.id,
        gum1_0.avatar_color,
        gum1_0.cargo,
        gum1_0.email,
        gum1_0.nome,
        gum1_0.status 
    from
        usuarios gum1_0
Hibernate: 
    select
        gum1_0.id,
        gum1_0.avatar_color,
        gum1_0.cargo,
        gum1_0.email,
        gum1_0.nome,
        gum1_0.status 
    from
        usuarios gum1_0
Hibernate: 
    select
        gum1_0.id,
        gum1_0.avatar_color,
        gum1_0.cargo,
        gum1_0.email,
        gum1_0.nome,
        gum1_0.status 
    from
        usuarios gum1_0
Hibernate: 
    select
        gum1_0.id,
        gum1_0.avatar_color,
        gum1_0.cargo,
        gum1_0.email,
        gum1_0.nome,
        gum1_0.status 
    from
        usuarios gum1_0
Hibernate: 
    select
        count(*) 
    from
        usuarios gum1_0 
    where
        gum1_0.id=?
Hibernate: 
    select
        gum1_0.id,
        gum1_0.avatar_color,
        gum1_0.cargo,
        gum1_0.email,
        gum1_0.nome,
        gum1_0.status 
    from
        usuarios gum1_0 
    where
        gum1_0.id=?
Hibernate: 
    delete 
    from
        usuarios 
    where
        id=?
Hibernate: 
    select
        gum1_0.id,
        gum1_0.avatar_color,
        gum1_0.cargo,
        gum1_0.email,
        gum1_0.nome,
        gum1_0.status 
    from
        usuarios gum1_0
Hibernate: 
    select
        gum1_0.id,
        gum1_0.avatar_color,
        gum1_0.cargo,
        gum1_0.email,
        gum1_0.nome,
        gum1_0.status 
    from
        usuarios gum1_0
Hibernate: 
    select
        gum1_0.id,
        gum1_0.avatar_color,
        gum1_0.cargo,
        gum1_0.email,
        gum1_0.nome,
        gum1_0.status 
    from
        usuarios gum1_0
2025-09-12T09:23:32.383-03:00  WARN 15250 --- [realconsult] [l-1:housekeeper] com.zaxxer.hikari.pool.HikariPool        : HikariPool-1 - Thread starvation or clock leap detected (housekeeper delta=15m52s972ms).
2025-09-12T09:29:25.243-03:00  WARN 15250 --- [realconsult] [l-1:housekeeper] com.zaxxer.hikari.pool.HikariPool        : HikariPool-1 - Thread starvation or clock leap detected (housekeeper delta=4m49s356ms).
2025-09-12T09:47:01.881-03:00  WARN 15250 --- [realconsult] [l-1:housekeeper] com.zaxxer.hikari.pool.HikariPool        : HikariPool-1 - Thread starvation or clock leap detected (housekeeper delta=15m54s512ms).
2025-09-12T10:03:42.002-03:00  WARN 15250 --- [realconsult] [l-1:housekeeper] com.zaxxer.hikari.pool.HikariPool        : HikariPool-1 - Thread starvation or clock leap detected (housekeeper delta=15m39s708ms).
2025-09-12T10:20:06.072-03:00  WARN 15250 --- [realconsult] [l-1:housekeeper] com.zaxxer.hikari.pool.HikariPool        : HikariPool-1 - Thread starvation or clock leap detected (housekeeper delta=15m54s59ms).
2025-09-12T10:29:32.209-03:00  WARN 15250 --- [realconsult] [l-1:housekeeper] com.zaxxer.hikari.pool.HikariPool        : HikariPool-1 - Thread starvation or clock leap detected (housekeeper delta=9m26s137ms).
Hibernate: 
    select
        gum1_0.id,
        gum1_0.avatar_color,
        gum1_0.cargo,
        gum1_0.email,
        gum1_0.nome,
        gum1_0.status 
    from
        usuarios gum1_0
2025-09-12T10:31:58.300-03:00  WARN 15250 --- [realconsult] [l-1:housekeeper] com.zaxxer.hikari.pool.HikariPool        : HikariPool-1 - Thread starvation or clock leap detected (housekeeper delta=56s66ms).
2025-09-12T10:51:09.542-03:00  WARN 15250 --- [realconsult] [l-1:housekeeper] com.zaxxer.hikari.pool.HikariPool        : HikariPool-1 - Thread starvation or clock leap detected (housekeeper delta=18m41s235ms).
2025-09-12T11:00:18.851-03:00  WARN 15250 --- [realconsult] [l-1:housekeeper] com.zaxxer.hikari.pool.HikariPool        : HikariPool-1 - Thread starvation or clock leap detected (housekeeper delta=8m39s277ms).
Hibernate: 
    select
        gum1_0.id,
        gum1_0.avatar_color,
        gum1_0.cargo,
        gum1_0.email,
        gum1_0.nome,
        gum1_0.status 
    from
        usuarios gum1_0
Hibernate: 
    select
        gum1_0.id,
        gum1_0.avatar_color,
        gum1_0.cargo,
        gum1_0.email,
        gum1_0.nome,
        gum1_0.status 
    from
        usuarios gum1_0
Hibernate: 
    select
        gum1_0.id,
        gum1_0.avatar_color,
        gum1_0.cargo,
        gum1_0.email,
        gum1_0.nome,
        gum1_0.status 
    from
        usuarios gum1_0
Hibernate: 
    select
        gum1_0.id,
        gum1_0.avatar_color,
        gum1_0.cargo,
        gum1_0.email,
        gum1_0.nome,
        gum1_0.status 
    from
        usuarios gum1_0
Hibernate: 
    select
        gum1_0.id,
        gum1_0.avatar_color,
        gum1_0.cargo,
        gum1_0.email,
        gum1_0.nome,
        gum1_0.status 
    from
        usuarios gum1_0
Hibernate: 
    select
        gum1_0.id,
        gum1_0.avatar_color,
        gum1_0.cargo,
        gum1_0.email,
        gum1_0.nome,
        gum1_0.status 
    from
        usuarios gum1_0
Hibernate: 
    select
        gum1_0.id,
        gum1_0.avatar_color,
        gum1_0.cargo,
        gum1_0.email,
        gum1_0.nome,
        gum1_0.status 
    from
        usuarios gum1_0
Hibernate: 
    select
        gum1_0.id,
        gum1_0.avatar_color,
        gum1_0.cargo,
        gum1_0.email,
        gum1_0.nome,
        gum1_0.status 
    from
        usuarios gum1_0
Hibernate: 
    select
        gum1_0.id,
        gum1_0.avatar_color,
        gum1_0.cargo,
        gum1_0.email,
        gum1_0.nome,
        gum1_0.status 
    from
        usuarios gum1_0
Hibernate: 
    select
        gum1_0.id,
        gum1_0.avatar_color,
        gum1_0.cargo,
        gum1_0.email,
        gum1_0.nome,
        gum1_0.status 
    from
        usuarios gum1_0
Hibernate: 
    select
        gum1_0.id 
    from
        usuarios gum1_0 
    where
        gum1_0.email=? 
    fetch
        first ? rows only
Hibernate: 
    insert 
    into
        usuarios
        (avatar_color, cargo, email, nome, status, id) 
    values
        (?, ?, ?, ?, ?, default)
Hibernate: 
    select
        gum1_0.id,
        gum1_0.avatar_color,
        gum1_0.cargo,
        gum1_0.email,
        gum1_0.nome,
        gum1_0.status 
    from
        usuarios gum1_0
Hibernate: 
    select
        gum1_0.id,
        gum1_0.avatar_color,
        gum1_0.cargo,
        gum1_0.email,
        gum1_0.nome,
        gum1_0.status 
    from
        usuarios gum1_0 
    where
        lower(gum1_0.nome) like lower(('%'||?||'%')) escape '' 
        or lower(gum1_0.email) like lower(('%'||?||'%')) escape '' 
        or lower(gum1_0.cargo) like lower(('%'||?||'%')) escape ''
Hibernate: 
    select
        gum1_0.id,
        gum1_0.avatar_color,
        gum1_0.cargo,
        gum1_0.email,
        gum1_0.nome,
        gum1_0.status 
    from
        usuarios gum1_0 
    where
        lower(gum1_0.nome) like lower(('%'||?||'%')) escape '' 
        or lower(gum1_0.email) like lower(('%'||?||'%')) escape '' 
        or lower(gum1_0.cargo) like lower(('%'||?||'%')) escape ''
Hibernate: 
    select
        gum1_0.id,
        gum1_0.avatar_color,
        gum1_0.cargo,
        gum1_0.email,
        gum1_0.nome,
        gum1_0.status 
    from
        usuarios gum1_0 
    where
        lower(gum1_0.nome) like lower(('%'||?||'%')) escape '' 
        or lower(gum1_0.email) like lower(('%'||?||'%')) escape '' 
        or lower(gum1_0.cargo) like lower(('%'||?||'%')) escape ''
Hibernate: 
    select
        gum1_0.id,
        gum1_0.avatar_color,
        gum1_0.cargo,
        gum1_0.email,
        gum1_0.nome,
        gum1_0.status 
    from
        usuarios gum1_0 
    where
        lower(gum1_0.nome) like lower(('%'||?||'%')) escape '' 
        or lower(gum1_0.email) like lower(('%'||?||'%')) escape '' 
        or lower(gum1_0.cargo) like lower(('%'||?||'%')) escape ''
Hibernate: 
    select
        gum1_0.id,
        gum1_0.avatar_color,
        gum1_0.cargo,
        gum1_0.email,
        gum1_0.nome,
        gum1_0.status 
    from
        usuarios gum1_0 
    where
        lower(gum1_0.nome) like lower(('%'||?||'%')) escape '' 
        or lower(gum1_0.email) like lower(('%'||?||'%')) escape '' 
        or lower(gum1_0.cargo) like lower(('%'||?||'%')) escape ''
Hibernate: 
    select
        gum1_0.id,
        gum1_0.avatar_color,
        gum1_0.cargo,
        gum1_0.email,
        gum1_0.nome,
        gum1_0.status 
    from
        usuarios gum1_0 
    where
        lower(gum1_0.nome) like lower(('%'||?||'%')) escape '' 
        or lower(gum1_0.email) like lower(('%'||?||'%')) escape '' 
        or lower(gum1_0.cargo) like lower(('%'||?||'%')) escape ''
Hibernate: 
    select
        gum1_0.id,
        gum1_0.avatar_color,
        gum1_0.cargo,
        gum1_0.email,
        gum1_0.nome,
        gum1_0.status 
    from
        usuarios gum1_0 
    where
        lower(gum1_0.nome) like lower(('%'||?||'%')) escape '' 
        or lower(gum1_0.email) like lower(('%'||?||'%')) escape '' 
        or lower(gum1_0.cargo) like lower(('%'||?||'%')) escape ''
Hibernate: 
    select
        gum1_0.id,
        gum1_0.avatar_color,
        gum1_0.cargo,
        gum1_0.email,
        gum1_0.nome,
        gum1_0.status 
    from
        usuarios gum1_0 
    where
        lower(gum1_0.nome) like lower(('%'||?||'%')) escape '' 
        or lower(gum1_0.email) like lower(('%'||?||'%')) escape '' 
        or lower(gum1_0.cargo) like lower(('%'||?||'%')) escape ''
Hibernate: 
    select
        gum1_0.id,
        gum1_0.avatar_color,
        gum1_0.cargo,
        gum1_0.email,
        gum1_0.nome,
        gum1_0.status 
    from
        usuarios gum1_0 
    where
        lower(gum1_0.nome) like lower(('%'||?||'%')) escape '' 
        or lower(gum1_0.email) like lower(('%'||?||'%')) escape '' 
        or lower(gum1_0.cargo) like lower(('%'||?||'%')) escape ''
Hibernate: 
    select
        gum1_0.id,
        gum1_0.avatar_color,
        gum1_0.cargo,
        gum1_0.email,
        gum1_0.nome,
        gum1_0.status 
    from
        usuarios gum1_0 
    where
        gum1_0.id=?
Hibernate: 
    select
        gum1_0.id 
    from
        usuarios gum1_0 
    where
        gum1_0.email=? 
        and gum1_0.id<>? 
    fetch
        first ? rows only
Hibernate: 
    update
        usuarios 
    set
        avatar_color=?,
        cargo=?,
        email=?,
        nome=?,
        status=? 
    where
        id=?
Hibernate: 
    select
        gum1_0.id,
        gum1_0.avatar_color,
        gum1_0.cargo,
        gum1_0.email,
        gum1_0.nome,
        gum1_0.status 
    from
        usuarios gum1_0
Hibernate: 
    select
        gum1_0.id,
        gum1_0.avatar_color,
        gum1_0.cargo,
        gum1_0.email,
        gum1_0.nome,
        gum1_0.status 
    from
        usuarios gum1_0
Hibernate: 
    select
        gum1_0.id,
        gum1_0.avatar_color,
        gum1_0.cargo,
        gum1_0.email,
        gum1_0.nome,
        gum1_0.status 
    from
        usuarios gum1_0 
    where
        lower(gum1_0.nome) like lower(('%'||?||'%')) escape '' 
        or lower(gum1_0.email) like lower(('%'||?||'%')) escape '' 
        or lower(gum1_0.cargo) like lower(('%'||?||'%')) escape ''
Hibernate: 
    select
        gum1_0.id,
        gum1_0.avatar_color,
        gum1_0.cargo,
        gum1_0.email,
        gum1_0.nome,
        gum1_0.status 
    from
        usuarios gum1_0 
    where
        lower(gum1_0.nome) like lower(('%'||?||'%')) escape '' 
        or lower(gum1_0.email) like lower(('%'||?||'%')) escape '' 
        or lower(gum1_0.cargo) like lower(('%'||?||'%')) escape ''
Hibernate: 
    select
        gum1_0.id,
        gum1_0.avatar_color,
        gum1_0.cargo,
        gum1_0.email,
        gum1_0.nome,
        gum1_0.status 
    from
        usuarios gum1_0 
    where
        lower(gum1_0.nome) like lower(('%'||?||'%')) escape '' 
        or lower(gum1_0.email) like lower(('%'||?||'%')) escape '' 
        or lower(gum1_0.cargo) like lower(('%'||?||'%')) escape ''
Hibernate: 
    select
        gum1_0.id,
        gum1_0.avatar_color,
        gum1_0.cargo,
        gum1_0.email,
        gum1_0.nome,
        gum1_0.status 
    from
        usuarios gum1_0 
    where
        lower(gum1_0.nome) like lower(('%'||?||'%')) escape '' 
        or lower(gum1_0.email) like lower(('%'||?||'%')) escape '' 
        or lower(gum1_0.cargo) like lower(('%'||?||'%')) escape ''
Hibernate: 
    select
        gum1_0.id,
        gum1_0.avatar_color,
        gum1_0.cargo,
        gum1_0.email,
        gum1_0.nome,
        gum1_0.status 
    from
        usuarios gum1_0 
    where
        lower(gum1_0.nome) like lower(('%'||?||'%')) escape '' 
        or lower(gum1_0.email) like lower(('%'||?||'%')) escape '' 
        or lower(gum1_0.cargo) like lower(('%'||?||'%')) escape ''
Hibernate: 
    select
        count(*) 
    from
        usuarios gum1_0 
    where
        gum1_0.id=?
Hibernate: 
    select
        gum1_0.id,
        gum1_0.avatar_color,
        gum1_0.cargo,
        gum1_0.email,
        gum1_0.nome,
        gum1_0.status 
    from
        usuarios gum1_0 
    where
        gum1_0.id=?
Hibernate: 
    delete 
    from
        usuarios 
    where
        id=?
Hibernate: 
    select
        gum1_0.id,
        gum1_0.avatar_color,
        gum1_0.cargo,
        gum1_0.email,
        gum1_0.nome,
        gum1_0.status 
    from
        usuarios gum1_0
Hibernate: 
    select
        gum1_0.id 
    from
        usuarios gum1_0 
    where
        gum1_0.email=? 
    fetch
        first ? rows only
Hibernate: 
    insert 
    into
        usuarios
        (avatar_color, cargo, email, nome, status, id) 
    values
        (?, ?, ?, ?, ?, default)
Hibernate: 
    select
        gum1_0.id,
        gum1_0.avatar_color,
        gum1_0.cargo,
        gum1_0.email,
        gum1_0.nome,
        gum1_0.status 
    from
        usuarios gum1_0
Hibernate: 
    select
        count(*) 
    from
        usuarios gum1_0 
    where
        gum1_0.id=?
Hibernate: 
    select
        gum1_0.id,
        gum1_0.avatar_color,
        gum1_0.cargo,
        gum1_0.email,
        gum1_0.nome,
        gum1_0.status 
    from
        usuarios gum1_0 
    where
        gum1_0.id=?
Hibernate: 
    delete 
    from
        usuarios 
    where
        id=?
Hibernate: 
    select
        gum1_0.id,
        gum1_0.avatar_color,
        gum1_0.cargo,
        gum1_0.email,
        gum1_0.nome,
        gum1_0.status 
    from
        usuarios gum1_0
